Построение начато 11.03.2015 5:19:36.
     1>Проект "C:\Users\JS\Documents\Visual Studio 2010\Projects\abc\abc\abc.vcxproj" в узле 2 (целевые объекты build).
     1>InitializeBuildStatus:
         Обращение к "Debug\abc.unsuccessfulbuild".
       ClCompile:
         D:\Program Files (x86)\Microsoft Visual Studio 10.0\VC\bin\CL.exe /c /I"D:\Program Files (x86)\Boost\boost_1_57_0" /I"D:\Program Files (x86)\Avro\avro-cpp-1.7.7\avro-cpp-1.7.7\api" /ZI /nologo /W3 /WX- /Od /Oy- /D WIN32 /D _DEBUG /D _CONSOLE /D _UNICODE /D UNICODE /Gm /EHsc /RTC1 /MDd /GS /fp:precise /Zc:wchar_t /Zc:forScope /Fo"Debug\\" /Fd"Debug\vc100.pdb" /Gd /TP /analyze- /errorReport:prompt mnv.cpp
         mnv.cpp
       ResourceCompile:
         Для всех выходных данных обновления не требуется.
       ManifestResourceCompile:
         Для всех выходных данных обновления не требуется.
       Link:
         D:\Program Files (x86)\Microsoft Visual Studio 10.0\VC\bin\link.exe /ERRORREPORT:PROMPT /OUT:"C:\Users\JS\Documents\Visual Studio 2010\Projects\abc\Debug\abc.exe" /INCREMENTAL /NOLOGO /LIBPATH:"D:\Boostl\boost_1_57_0\lib32-msvc-10.0" kernel32.lib user32.lib gdi32.lib winspool.lib comdlg32.lib advapi32.lib shell32.lib ole32.lib oleaut32.lib uuid.lib odbc32.lib odbccp32.lib kernel32.lib user32.lib gdi32.lib winspool.lib comdlg32.lib advapi32.lib shell32.lib ole32.lib oleaut32.lib uuid.lib odbc32.lib odbccp32.lib /MANIFEST /ManifestFile:"Debug\abc.exe.intermediate.manifest" /MANIFESTUAC:"level='asInvoker' uiAccess='false'" /DEBUG /PDB:"C:\Users\JS\Documents\Visual Studio 2010\Projects\abc\Debug\abc.pdb" /SUBSYSTEM:CONSOLE /TLBID:1 /DYNAMICBASE /NXCOMPAT /IMPLIB:"C:\Users\JS\Documents\Visual Studio 2010\Projects\abc\Debug\abc.lib" /MACHINE:X86 Debug\abc.res
         Debug\abc.exe.embed.manifest.res
         Debug\mnv.obj
       Manifest:
         C:\Program Files (x86)\Microsoft SDKs\Windows\v7.0A\bin\mt.exe /nologo /verbose /out:"Debug\abc.exe.embed.manifest" /manifest Debug\abc.exe.intermediate.manifest
         Для всех выходных данных обновления не требуется.
       LinkEmbedManifest:
         Для всех выходных данных обновления не требуется.
         abc.vcxproj -> C:\Users\JS\Documents\Visual Studio 2010\Projects\abc\Debug\abc.exe
       FinalizeBuildStatus:
         Файл "Debug\abc.unsuccessfulbuild" удаляется.
         Обращение к "Debug\abc.lastbuildstate".
     1>Построение проекта "C:\Users\JS\Documents\Visual Studio 2010\Projects\abc\abc\abc.vcxproj" завершено (целевые объекты build).

Построение успешно завершено.

Затраченное время: 00:00:07.83
